2023-03-22 20:11:35,739 - root - INFO - Main - acquire a child logger and then log messages in the child
2023-03-22 20:11:35,782 - PublisherAppln - DEBUG - Main: parse command line arguments
2023-03-22 20:11:35,785 - PublisherAppln - DEBUG - Main: resetting log level to 20
2023-03-22 20:11:35,785 - PublisherAppln - INFO - PublisherAppln::configure
2023-03-22 20:11:35,786 - PublisherAppln - INFO - PublisherAppln::configure - selecting our topic list
2023-03-22 20:11:35,786 - PublisherAppln - INFO - PublisherAppln::configure - initialize the middleware object
2023-03-22 20:11:35,786 - PublisherAppln - INFO - PublisherMW::configure
2023-03-22 20:11:35,787 - PublisherAppln - INFO - PublisherMW::configure completed
2023-03-22 20:11:35,787 - PublisherAppln - INFO - PublisherAppln::configure - configuration complete
2023-03-22 20:11:35,787 - PublisherAppln - INFO - PublisherAppln::driver
2023-03-22 20:11:35,787 - PublisherAppln - INFO - **********************************
2023-03-22 20:11:35,787 - PublisherAppln - INFO - PublisherAppln::dump
2023-03-22 20:11:35,787 - PublisherAppln - INFO -      Name: pub4
2023-03-22 20:11:35,787 - PublisherAppln - INFO -      Lookup: Centralized
2023-03-22 20:11:35,787 - PublisherAppln - INFO -      Dissemination: Direct
2023-03-22 20:11:35,787 - PublisherAppln - INFO -      Num Topics: 8
2023-03-22 20:11:35,787 - PublisherAppln - INFO -      TopicList: ['location', 'weather', 'altitude', 'airquality', 'sound', 'temperature', 'light', 'humidity']
2023-03-22 20:11:35,787 - PublisherAppln - INFO -      Iterations: 2000
2023-03-22 20:11:35,787 - PublisherAppln - INFO -      Frequency: 0.5
2023-03-22 20:11:35,787 - PublisherAppln - INFO - **********************************
2023-03-22 20:11:35,787 - PublisherAppln - INFO - PublisherAppln::driver - upcall handle
2023-03-22 20:11:35,787 - PublisherAppln - INFO - PublisherMW::event_loop - run the event loop
2023-03-22 20:11:35,787 - PublisherAppln - INFO - PublisherAppln::invoke_operation
2023-03-22 20:11:35,787 - PublisherAppln - INFO - PublisherAppln::invoke_operation - register with the discovery service
2023-03-22 20:11:35,787 - PublisherAppln - INFO - PublisherMW::register - start
2023-03-22 20:11:35,787 - PublisherAppln - INFO - PublisherMW::register - done building the outer message
2023-03-22 20:11:35,787 - PublisherAppln - INFO - PublisherMW::register - sent register message and now wait for reply
